[debug] [2022-06-27T15:53:45.431Z] ----------------------------------------------------------------------
[debug] [2022-06-27T15:53:45.433Z] Command:       /usr/local/bin/node /usr/local/bin/firebase init
[debug] [2022-06-27T15:53:45.434Z] CLI Version:   11.1.0
[debug] [2022-06-27T15:53:45.434Z] Platform:      darwin
[debug] [2022-06-27T15:53:45.434Z] Node Version:  v16.13.2
[debug] [2022-06-27T15:53:45.435Z] Time:          Mon Jun 27 2022 17:53:45 GMT+0200 (Eastern European Standard Time)
[debug] [2022-06-27T15:53:45.436Z] ----------------------------------------------------------------------
[debug] 
[debug] [2022-06-27T15:53:45.442Z] > command requires scopes: ["email","openid","https://www.googleapis.com/auth/cloudplatformprojects.readonly","https://www.googleapis.com/auth/firebase","https://www.googleapis.com/auth/cloud-platform"]
[debug] [2022-06-27T15:53:45.443Z] > authorizing via signed-in user (smf.elbanna@gmail.com)
[info] 
     ######## #### ########  ######## ########     ###     ######  ########
     ##        ##  ##     ## ##       ##     ##  ##   ##  ##       ##
     ######    ##  ########  ######   ########  #########  ######  ######
     ##        ##  ##    ##  ##       ##     ## ##     ##       ## ##
     ##       #### ##     ## ######## ########  ##     ##  ######  ########

You're about to initialize a Firebase project in this directory:

  /Users/admin/Desktop/mai/nutrime-website

[info] 
=== Project Setup
[info] 
[info] First, let's associate this project directory with a Firebase project.
[info] You can create multiple project aliases by running firebase use --add, 
[info] but for now we'll just set up a default project.
[info] 
[debug] [2022-06-27T15:53:49.528Z] >>> [apiv2][query] GET https://firebase.googleapis.com/v1beta1/projects pageSize=100
[debug] [2022-06-27T15:53:50.160Z] <<< [apiv2][status] GET https://firebase.googleapis.com/v1beta1/projects 200
[debug] [2022-06-27T15:53:50.161Z] <<< [apiv2][body] GET https://firebase.googleapis.com/v1beta1/projects [omitted]
[info] i  Using project mai-apps (mai-apps) 
[info] 
=== Hosting Setup
[info] 
[info] Your public directory is the folder (relative to your project directory) that
[info] will contain Hosting assets to be uploaded with firebase deploy. If you
[info] have a build process for your assets, use your build's output directory.
[info] 
[debug] [2022-06-27T15:54:31.016Z] >>> [apiv2][query] GET https://www.gstatic.com/firebasejs/releases.json [none]
[debug] [2022-06-27T15:54:31.251Z] <<< [apiv2][status] GET https://www.gstatic.com/firebasejs/releases.json 200
[debug] [2022-06-27T15:54:31.251Z] <<< [apiv2][body] GET https://www.gstatic.com/firebasejs/releases.json {"current":{"version":"9.8.4","browserURL":"https://www.gstatic.com/firebasejs/9.8.4/firebase.js","packageURL":"https://www.gstatic.com/firebasejs/9.8.4/firebase.tgz"},"live":{"version":"9.8","browserURL":"https://www.gstatic.com/firebasejs/live/9.8/firebase.js","packageURL":"https://www.gstatic.com/firebasejs/live/9.8/firebase.tgz"},"components":{"analytics":"https://www.gstatic.com/firebasejs/9.8.4/firebase-analytics.js","app":"https://www.gstatic.com/firebasejs/9.8.4/firebase-app.js","app-check":"https://www.gstatic.com/firebasejs/9.8.4/firebase-app-check.js","auth":"https://www.gstatic.com/firebasejs/9.8.4/firebase-auth.js","auth/cordova":"https://www.gstatic.com/firebasejs/9.8.4/firebase-auth/cordova.js","auth/react-native":"https://www.gstatic.com/firebasejs/9.8.4/firebase-auth/react-native.js","functions":"https://www.gstatic.com/firebasejs/9.8.4/firebase-functions.js","firestore":"https://www.gstatic.com/firebasejs/9.8.4/firebase-firestore.js","firestore/lite":"https://www.gstatic.com/firebasejs/9.8.4/firebase-firestore/lite.js","storage":"https://www.gstatic.com/firebasejs/9.8.4/firebase-storage.js","performance":"https://www.gstatic.com/firebasejs/9.8.4/firebase-performance.js","remote-config":"https://www.gstatic.com/firebasejs/9.8.4/firebase-remote-config.js","messaging":"https://www.gstatic.com/firebasejs/9.8.4/firebase-messaging.js","messaging/sw":"https://www.gstatic.com/firebasejs/9.8.4/firebase-messaging/sw.js","database":"https://www.gstatic.com/firebasejs/9.8.4/firebase-database.js","firestore.memory":"https://www.gstatic.com/firebasejs/9.8.4/firebase-firestore.memory.js"}}
[info] ✔  Wrote build/index.html 
[info] 
[info] i  Detected a .git folder at /Users/admin/Desktop/mai/nutrime-website 
[info] i  Authorizing with GitHub to upload your service account to a GitHub repository's secrets store. 
[info] 
[info] Visit this URL on this device to log in:
[info] https://github.com/login/oauth/authorize?client_id=89cf50f02ac6aaed3484&state=605248909&redirect_uri=http%3A%2F%2Flocalhost%3A9005&scope=read%3Auser%20repo%20public_repo
[info] 
[info] Waiting for authentication...
[debug] [2022-06-27T15:55:50.324Z] >>> [apiv2][query] POST https://github.com/login/oauth/access_token [none]
[debug] [2022-06-27T15:55:50.324Z] >>> [apiv2][body] POST https://github.com/login/oauth/access_token [stream]
[debug] [2022-06-27T15:55:50.765Z] <<< [apiv2][status] POST https://github.com/login/oauth/access_token 200
[debug] [2022-06-27T15:55:50.766Z] <<< [apiv2][body] POST https://github.com/login/oauth/access_token {"access_token":"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","token_type":"bearer","scope":"read:user,repo"}
[debug] [2022-06-27T15:55:50.771Z] >>> [apiv2][query] GET https://api.github.com/user [none]
[debug] [2022-06-27T15:55:51.167Z] <<< [apiv2][status] GET https://api.github.com/user 200
[debug] [2022-06-27T15:55:51.167Z] <<< [apiv2][body] GET https://api.github.com/user {"login":"sara-elbanna","id":22040217,"node_id":"MDQ6VXNlcjIyMDQwMjE3","avatar_url":"https://avatars.githubusercontent.com/u/22040217?v=4","gravatar_id":"","url":"https://api.github.com/users/sara-elbanna","html_url":"https://github.com/sara-elbanna","followers_url":"https://api.github.com/users/sara-elbanna/followers","following_url":"https://api.github.com/users/sara-elbanna/following{/other_user}","gists_url":"https://api.github.com/users/sara-elbanna/gists{/gist_id}","starred_url":"https://api.github.com/users/sara-elbanna/starred{/owner}{/repo}","subscriptions_url":"https://api.github.com/users/sara-elbanna/subscriptions","organizations_url":"https://api.github.com/users/sara-elbanna/orgs","repos_url":"https://api.github.com/users/sara-elbanna/repos","events_url":"https://api.github.com/users/sara-elbanna/events{/privacy}","received_events_url":"https://api.github.com/users/sara-elbanna/received_events","type":"User","site_admin":false,"name":null,"company":null,"blog":"","location":null,"email":null,"hireable":null,"bio":null,"twitter_username":null,"public_repos":21,"public_gists":0,"followers":1,"following":2,"created_at":"2016-09-06T23:50:34Z","updated_at":"2022-06-27T15:55:42Z","private_gists":0,"total_private_repos":1,"owned_private_repos":1,"disk_usage":40918,"collaborators":1,"two_factor_authentication":false,"plan":{"name":"free","space":976562499,"collaborators":0,"private_repos":10000}}
[info] 
[info] ✔  Success! Logged into GitHub as sara-elbanna 
[info] 
